TestReporter Error: 0 : 20:48:17.9515164 : 1-vstest.console.exe : System.Exception: Cannot start test item due parent failed to start. ---> System.AggregateException: One or more errors occurred. ---> System.IO.FileNotFoundException: Could not load file or assembly 'Microsoft.Bcl.AsyncInterfaces, Version=6.0.0.0, Culture=neutral, PublicKeyToken=cc7b13ffcd2ddd51' or one of its dependencies. The system cannot find the file specified.
   at System.Signature.GetSignature(Void* pCorSig, Int32 cCorSig, RuntimeFieldHandleInternal fieldHandle, IRuntimeMethodInfo methodHandle, RuntimeType declaringType)
   at System.Reflection.RuntimeMethodInfo.FetchNonReturnParameters()
   at System.Reflection.RuntimeMethodInfo.GetParameters()
   at System.Diagnostics.StackTrace.ToString(TraceFormat traceFormat)
   at System.Exception.GetStackTrace(Boolean needFileInfo)
   at System.IO.FileNotFoundException.ToString()
   at System.Text.StringBuilder.AppendFormatHelper(IFormatProvider provider, String format, ParamsArray args)
   at System.String.FormatHelper(IFormatProvider provider, String format, ParamsArray args)
   at System.String.Format(String format, Object arg0)
   at ReportPortal.Shared.Internal.Delegating.ExponentialRetryRequestExecuter.<ExecuteAsync>d__18`1.MoveNext()
--- End of stack trace from previous location where exception was thrown ---
   at System.Runtime.ExceptionServices.ExceptionDispatchInfo.Throw()
   at System.Runtime.CompilerServices.TaskAwaiter.HandleNonSuccessAndDebuggerNotification(Task task)
   at ReportPortal.Shared.Reporter.LaunchReporter.<>c__DisplayClass23_0.<<Start>b__0>d.MoveNext()
   --- End of inner exception stack trace ---
   --- End of inner exception stack trace ---
TestReporter Error: 0 : 20:48:17.9565131 : 1-vstest.console.exe : System.Exception: Cannot start test item due parent failed to start. ---> System.AggregateException: One or more errors occurred. ---> System.Exception: Cannot start test item due parent failed to start. ---> System.AggregateException: One or more errors occurred. ---> System.IO.FileNotFoundException: Could not load file or assembly 'Microsoft.Bcl.AsyncInterfaces, Version=6.0.0.0, Culture=neutral, PublicKeyToken=cc7b13ffcd2ddd51' or one of its dependencies. The system cannot find the file specified.
   at System.Text.Json.Serialization.IAsyncEnumerableConverterFactory.GetAsyncEnumerableInterface(Type type)
   at System.Text.Json.Serialization.IAsyncEnumerableConverterFactory.CanConvert(Type typeToConvert)
   at System.Text.Json.JsonSerializerOptions.GetConverterInternal(Type typeToConvert)
   at System.Text.Json.JsonSerializerOptions.DetermineConverter(Type parentClassType, Type runtimePropertyType, MemberInfo memberInfo)
   at System.Text.Json.Serialization.Metadata.JsonTypeInfo.GetConverter(Type type, Type parentClassType, MemberInfo memberInfo, Type& runtimeType, JsonSerializerOptions options)
   at System.Text.Json.JsonSerializerOptions.<InitializeForReflectionSerializer>g__CreateJsonTypeInfo|112_0(Type type, JsonSerializerOptions options)
   at System.Text.Json.JsonSerializerOptions.GetOrAddClass(Type type)
   at System.Text.Json.JsonSerializer.GetTypeInfo(JsonSerializerOptions options, Type runtimeType)
   at System.Text.Json.JsonSerializer.Deserialize[TValue](String json, JsonSerializerOptions options)
   at ReportPortal.VSTest.TestLogger.ReportPortalLogger.Events_TestResult(Object sender, TestResultEventArgs e)
   --- End of inner exception stack trace ---
   --- End of inner exception stack trace ---
   at ReportPortal.Shared.Reporter.TestReporter.<>c__DisplayClass25_0.<<Start>b__0>d.MoveNext()
   --- End of inner exception stack trace ---
   --- End of inner exception stack trace ---
TestReporter Error: 0 : 20:48:17.9565131 : 1-vstest.console.exe : System.Exception: Cannot start test item due parent failed to start. ---> System.AggregateException: One or more errors occurred. ---> System.Exception: Cannot start test item due parent failed to start. ---> System.AggregateException: One or more errors occurred. ---> System.Exception: Cannot start test item due parent failed to start. ---> System.AggregateException: One or more errors occurred. ---> System.IO.FileNotFoundException: Could not load file or assembly 'Microsoft.Bcl.AsyncInterfaces, Version=6.0.0.0, Culture=neutral, PublicKeyToken=cc7b13ffcd2ddd51' or one of its dependencies. The system cannot find the file specified.
   at System.Text.Json.Serialization.IAsyncEnumerableConverterFactory.GetAsyncEnumerableInterface(Type type)
   at System.Text.Json.Serialization.IAsyncEnumerableConverterFactory.CanConvert(Type typeToConvert)
   at System.Text.Json.JsonSerializerOptions.GetConverterInternal(Type typeToConvert)
   at System.Text.Json.JsonSerializerOptions.DetermineConverter(Type parentClassType, Type runtimePropertyType, MemberInfo memberInfo)
   at System.Text.Json.Serialization.Metadata.JsonTypeInfo.GetConverter(Type type, Type parentClassType, MemberInfo memberInfo, Type& runtimeType, JsonSerializerOptions options)
   at System.Text.Json.JsonSerializerOptions.<InitializeForReflectionSerializer>g__CreateJsonTypeInfo|112_0(Type type, JsonSerializerOptions options)
   at System.Text.Json.JsonSerializerOptions.GetOrAddClass(Type type)
   at System.Text.Json.JsonSerializer.GetTypeInfo(JsonSerializerOptions options, Type runtimeType)
   at System.Text.Json.JsonSerializer.Deserialize[TValue](String json, JsonSerializerOptions options)
   at ReportPortal.VSTest.TestLogger.ReportPortalLogger.Events_TestResult(Object sender, TestResultEventArgs e)
   --- End of inner exception stack trace ---
   --- End of inner exception stack trace ---
   at ReportPortal.Shared.Reporter.TestReporter.<>c__DisplayClass25_0.<<Start>b__0>d.MoveNext()
   --- End of inner exception stack trace ---
   --- End of inner exception stack trace ---
   at ReportPortal.Shared.Reporter.TestReporter.<>c__DisplayClass25_0.<<Start>b__0>d.MoveNext()
   --- End of inner exception stack trace ---
   --- End of inner exception stack trace ---
TestReporter Error: 0 : 20:48:17.9575145 : 1-vstest.console.exe : System.Exception: Cannot start test item due parent failed to start. ---> System.AggregateException: One or more errors occurred. ---> System.Exception: Cannot start test item due parent failed to start. ---> System.AggregateException: One or more errors occurred. ---> System.Exception: Cannot start test item due parent failed to start. ---> System.AggregateException: One or more errors occurred. ---> System.Exception: Cannot start test item due parent failed to start. ---> System.AggregateException: One or more errors occurred. ---> System.IO.FileNotFoundException: Could not load file or assembly 'Microsoft.Bcl.AsyncInterfaces, Version=6.0.0.0, Culture=neutral, PublicKeyToken=cc7b13ffcd2ddd51' or one of its dependencies. The system cannot find the file specified.
   at System.Text.Json.Serialization.IAsyncEnumerableConverterFactory.GetAsyncEnumerableInterface(Type type)
   at System.Text.Json.Serialization.IAsyncEnumerableConverterFactory.CanConvert(Type typeToConvert)
   at System.Text.Json.JsonSerializerOptions.GetConverterInternal(Type typeToConvert)
   at System.Text.Json.JsonSerializerOptions.DetermineConverter(Type parentClassType, Type runtimePropertyType, MemberInfo memberInfo)
   at System.Text.Json.Serialization.Metadata.JsonTypeInfo.GetConverter(Type type, Type parentClassType, MemberInfo memberInfo, Type& runtimeType, JsonSerializerOptions options)
   at System.Text.Json.JsonSerializerOptions.<InitializeForReflectionSerializer>g__CreateJsonTypeInfo|112_0(Type type, JsonSerializerOptions options)
   at System.Text.Json.JsonSerializerOptions.GetOrAddClass(Type type)
   at System.Text.Json.JsonSerializer.GetTypeInfo(JsonSerializerOptions options, Type runtimeType)
   at System.Text.Json.JsonSerializer.Deserialize[TValue](String json, JsonSerializerOptions options)
   at ReportPortal.VSTest.TestLogger.ReportPortalLogger.Events_TestResult(Object sender, TestResultEventArgs e)
   --- End of inner exception stack trace ---
   --- End of inner exception stack trace ---
   at ReportPortal.Shared.Reporter.TestReporter.<>c__DisplayClass25_0.<<Start>b__0>d.MoveNext()
   --- End of inner exception stack trace ---
   --- End of inner exception stack trace ---
   at ReportPortal.Shared.Reporter.TestReporter.<>c__DisplayClass25_0.<<Start>b__0>d.MoveNext()
   --- End of inner exception stack trace ---
   --- End of inner exception stack trace ---
   at ReportPortal.Shared.Reporter.TestReporter.<>c__DisplayClass25_0.<<Start>b__0>d.MoveNext()
   --- End of inner exception stack trace ---
   --- End of inner exception stack trace ---
TestReporter Error: 0 : 20:48:17.9575145 : 1-vstest.console.exe : System.Exception: Cannot start test item due parent failed to start. ---> System.AggregateException: One or more errors occurred. ---> System.Exception: Cannot start test item due parent failed to start. ---> System.AggregateException: One or more errors occurred. ---> System.Exception: Cannot start test item due parent failed to start. ---> System.AggregateException: One or more errors occurred. ---> System.Exception: Cannot start test item due parent failed to start. ---> System.AggregateException: One or more errors occurred. ---> System.Exception: Cannot start test item due parent failed to start. ---> System.AggregateException: One or more errors occurred. ---> System.IO.FileNotFoundException: Could not load file or assembly 'Microsoft.Bcl.AsyncInterfaces, Version=6.0.0.0, Culture=neutral, PublicKeyToken=cc7b13ffcd2ddd51' or one of its dependencies. The system cannot find the file specified.
   at System.Text.Json.Serialization.IAsyncEnumerableConverterFactory.GetAsyncEnumerableInterface(Type type)
   at System.Text.Json.Serialization.IAsyncEnumerableConverterFactory.CanConvert(Type typeToConvert)
   at System.Text.Json.JsonSerializerOptions.GetConverterInternal(Type typeToConvert)
   at System.Text.Json.JsonSerializerOptions.DetermineConverter(Type parentClassType, Type runtimePropertyType, MemberInfo memberInfo)
   at System.Text.Json.Serialization.Metadata.JsonTypeInfo.GetConverter(Type type, Type parentClassType, MemberInfo memberInfo, Type& runtimeType, JsonSerializerOptions options)
   at System.Text.Json.JsonSerializerOptions.<InitializeForReflectionSerializer>g__CreateJsonTypeInfo|112_0(Type type, JsonSerializerOptions options)
   at System.Text.Json.JsonSerializerOptions.GetOrAddClass(Type type)
   at System.Text.Json.JsonSerializer.GetTypeInfo(JsonSerializerOptions options, Type runtimeType)
   at System.Text.Json.JsonSerializer.Deserialize[TValue](String json, JsonSerializerOptions options)
   at ReportPortal.VSTest.TestLogger.ReportPortalLogger.Events_TestResult(Object sender, TestResultEventArgs e)
   --- End of inner exception stack trace ---
   --- End of inner exception stack trace ---
   at ReportPortal.Shared.Reporter.TestReporter.<>c__DisplayClass25_0.<<Start>b__0>d.MoveNext()
   --- End of inner exception stack trace ---
   --- End of inner exception stack trace ---
   at ReportPortal.Shared.Reporter.TestReporter.<>c__DisplayClass25_0.<<Start>b__0>d.MoveNext()
   --- End of inner exception stack trace ---
   --- End of inner exception stack trace ---
   at ReportPortal.Shared.Reporter.TestReporter.<>c__DisplayClass25_0.<<Start>b__0>d.MoveNext()
   --- End of inner exception stack trace ---
   --- End of inner exception stack trace ---
   at ReportPortal.Shared.Reporter.TestReporter.<>c__DisplayClass25_0.<<Start>b__0>d.MoveNext()
   --- End of inner exception stack trace ---
   --- End of inner exception stack trace ---
TestReporter Error: 0 : 20:48:18.0045168 : 1-vstest.console.exe : System.Exception: Cannot finish test item due starting item failed. ---> System.AggregateException: One or more errors occurred. ---> System.Exception: Cannot start test item due parent failed to start. ---> System.AggregateException: One or more errors occurred. ---> System.Exception: Cannot start test item due parent failed to start. ---> System.AggregateException: One or more errors occurred. ---> System.Exception: Cannot start test item due parent failed to start. ---> System.AggregateException: One or more errors occurred. ---> System.Exception: Cannot start test item due parent failed to start. ---> System.AggregateException: One or more errors occurred. ---> System.Exception: Cannot start test item due parent failed to start. ---> System.AggregateException: One or more errors occurred. ---> System.IO.FileNotFoundException: Could not load file or assembly 'Microsoft.Bcl.AsyncInterfaces, Version=6.0.0.0, Culture=neutral, PublicKeyToken=cc7b13ffcd2ddd51' or one of its dependencies. The system cannot find the file specified.
   at System.Text.Json.Serialization.IAsyncEnumerableConverterFactory.GetAsyncEnumerableInterface(Type type)
   at System.Text.Json.Serialization.IAsyncEnumerableConverterFactory.CanConvert(Type typeToConvert)
   at System.Text.Json.JsonSerializerOptions.GetConverterInternal(Type typeToConvert)
   at System.Text.Json.JsonSerializerOptions.DetermineConverter(Type parentClassType, Type runtimePropertyType, MemberInfo memberInfo)
   at System.Text.Json.Serialization.Metadata.JsonTypeInfo.GetConverter(Type type, Type parentClassType, MemberInfo memberInfo, Type& runtimeType, JsonSerializerOptions options)
   at System.Text.Json.JsonSerializerOptions.<InitializeForReflectionSerializer>g__CreateJsonTypeInfo|112_0(Type type, JsonSerializerOptions options)
   at System.Text.Json.JsonSerializerOptions.GetOrAddClass(Type type)
   at System.Text.Json.JsonSerializer.GetTypeInfo(JsonSerializerOptions options, Type runtimeType)
   at System.Text.Json.JsonSerializer.Deserialize[TValue](String json, JsonSerializerOptions options)
   at ReportPortal.VSTest.TestLogger.ReportPortalLogger.Events_TestResult(Object sender, TestResultEventArgs e)
   --- End of inner exception stack trace ---
   --- End of inner exception stack trace ---
   at ReportPortal.Shared.Reporter.TestReporter.<>c__DisplayClass25_0.<<Start>b__0>d.MoveNext()
   --- End of inner exception stack trace ---
   --- End of inner exception stack trace ---
   at ReportPortal.Shared.Reporter.TestReporter.<>c__DisplayClass25_0.<<Start>b__0>d.MoveNext()
   --- End of inner exception stack trace ---
   --- End of inner exception stack trace ---
   at ReportPortal.Shared.Reporter.TestReporter.<>c__DisplayClass25_0.<<Start>b__0>d.MoveNext()
   --- End of inner exception stack trace ---
   --- End of inner exception stack trace ---
   at ReportPortal.Shared.Reporter.TestReporter.<>c__DisplayClass25_0.<<Start>b__0>d.MoveNext()
   --- End of inner exception stack trace ---
   --- End of inner exception stack trace ---
   at ReportPortal.Shared.Reporter.TestReporter.<>c__DisplayClass25_0.<<Start>b__0>d.MoveNext()
   --- End of inner exception stack trace ---
   --- End of inner exception stack trace ---
TestReporter Error: 0 : 14:45:34.2848324 : 1-vstest.console.exe : System.Exception: Cannot start test item due parent failed to start. ---> System.AggregateException: One or more errors occurred. ---> System.IO.FileNotFoundException: Could not load file or assembly 'Microsoft.Bcl.AsyncInterfaces, Version=6.0.0.0, Culture=neutral, PublicKeyToken=cc7b13ffcd2ddd51' or one of its dependencies. The system cannot find the file specified.
   at System.Text.Json.Serialization.IAsyncEnumerableConverterFactory.GetAsyncEnumerableInterface(Type type)
   at System.Text.Json.Serialization.IAsyncEnumerableConverterFactory.CanConvert(Type typeToConvert)
   at System.Text.Json.JsonSerializerOptions.GetConverterInternal(Type typeToConvert)
   at System.Text.Json.JsonSerializerOptions.DetermineConverter(Type parentClassType, Type runtimePropertyType, MemberInfo memberInfo)
   at System.Text.Json.Serialization.Metadata.JsonTypeInfo.GetConverter(Type type, Type parentClassType, MemberInfo memberInfo, Type& runtimeType, JsonSerializerOptions options)
   at System.Text.Json.JsonSerializerOptions.<InitializeForReflectionSerializer>g__CreateJsonTypeInfo|112_0(Type type, JsonSerializerOptions options)
   at System.Text.Json.JsonSerializerOptions.GetOrAddClass(Type type)
   at System.Text.Json.JsonSerializer.GetTypeInfo(JsonSerializerOptions options, Type runtimeType)
   at System.Text.Json.JsonSerializer.SerializeAsync(Stream utf8Json, Object value, Type inputType, JsonSerializerOptions options, CancellationToken cancellationToken)
   at ReportPortal.Shared.Extensibility.Embedded.Analytics.AnalyticsReportEventsObserver.<>c__DisplayClass26_0.<<ReportEventsSource_OnBeforeLaunchStarting>b__0>d.MoveNext()
   --- End of inner exception stack trace ---
   --- End of inner exception stack trace ---
TestReporter Error: 0 : 14:45:34.2878325 : 1-vstest.console.exe : System.Exception: Cannot start test item due parent failed to start. ---> System.AggregateException: One or more errors occurred. ---> System.Exception: Cannot start test item due parent failed to start. ---> System.AggregateException: One or more errors occurred. ---> System.IO.FileNotFoundException: Could not load file or assembly 'Microsoft.Bcl.AsyncInterfaces, Version=6.0.0.0, Culture=neutral, PublicKeyToken=cc7b13ffcd2ddd51' or one of its dependencies. The system cannot find the file specified.
   at System.Text.Json.Serialization.IAsyncEnumerableConverterFactory.GetAsyncEnumerableInterface(Type type)
   at System.Text.Json.Serialization.IAsyncEnumerableConverterFactory.CanConvert(Type typeToConvert)
   at System.Text.Json.JsonSerializerOptions.GetConverterInternal(Type typeToConvert)
   at System.Text.Json.JsonSerializerOptions.DetermineConverter(Type parentClassType, Type runtimePropertyType, MemberInfo memberInfo)
   at System.Text.Json.Serialization.Metadata.JsonTypeInfo.GetConverter(Type type, Type parentClassType, MemberInfo memberInfo, Type& runtimeType, JsonSerializerOptions options)
   at System.Text.Json.JsonSerializerOptions.<InitializeForReflectionSerializer>g__CreateJsonTypeInfo|112_0(Type type, JsonSerializerOptions options)
   at System.Text.Json.JsonSerializerOptions.GetOrAddClass(Type type)
   at System.Text.Json.JsonSerializer.GetTypeInfo(JsonSerializerOptions options, Type runtimeType)
   at System.Text.Json.JsonSerializer.Deserialize[TValue](String json, JsonSerializerOptions options)
   at ReportPortal.VSTest.TestLogger.ReportPortalLogger.Events_TestResult(Object sender, TestResultEventArgs e)
   --- End of inner exception stack trace ---
   --- End of inner exception stack trace ---
   at ReportPortal.Shared.Reporter.TestReporter.<>c__DisplayClass25_0.<<Start>b__0>d.MoveNext()
   --- End of inner exception stack trace ---
   --- End of inner exception stack trace ---
TestReporter Error: 0 : 14:45:34.2888326 : 1-vstest.console.exe : System.Exception: Cannot start test item due parent failed to start. ---> System.AggregateException: One or more errors occurred. ---> System.Exception: Cannot start test item due parent failed to start. ---> System.AggregateException: One or more errors occurred. ---> System.Exception: Cannot start test item due parent failed to start. ---> System.AggregateException: One or more errors occurred. ---> System.IO.FileNotFoundException: Could not load file or assembly 'Microsoft.Bcl.AsyncInterfaces, Version=6.0.0.0, Culture=neutral, PublicKeyToken=cc7b13ffcd2ddd51' or one of its dependencies. The system cannot find the file specified.
   at System.Text.Json.Serialization.IAsyncEnumerableConverterFactory.GetAsyncEnumerableInterface(Type type)
   at System.Text.Json.Serialization.IAsyncEnumerableConverterFactory.CanConvert(Type typeToConvert)
   at System.Text.Json.JsonSerializerOptions.GetConverterInternal(Type typeToConvert)
   at System.Text.Json.JsonSerializerOptions.DetermineConverter(Type parentClassType, Type runtimePropertyType, MemberInfo memberInfo)
   at System.Text.Json.Serialization.Metadata.JsonTypeInfo.GetConverter(Type type, Type parentClassType, MemberInfo memberInfo, Type& runtimeType, JsonSerializerOptions options)
   at System.Text.Json.JsonSerializerOptions.<InitializeForReflectionSerializer>g__CreateJsonTypeInfo|112_0(Type type, JsonSerializerOptions options)
   at System.Text.Json.JsonSerializerOptions.GetOrAddClass(Type type)
   at System.Text.Json.JsonSerializer.GetTypeInfo(JsonSerializerOptions options, Type runtimeType)
   at System.Text.Json.JsonSerializer.Deserialize[TValue](String json, JsonSerializerOptions options)
   at ReportPortal.VSTest.TestLogger.ReportPortalLogger.Events_TestResult(Object sender, TestResultEventArgs e)
   --- End of inner exception stack trace ---
   --- End of inner exception stack trace ---
   at ReportPortal.Shared.Reporter.TestReporter.<>c__DisplayClass25_0.<<Start>b__0>d.MoveNext()
   --- End of inner exception stack trace ---
   --- End of inner exception stack trace ---
   at ReportPortal.Shared.Reporter.TestReporter.<>c__DisplayClass25_0.<<Start>b__0>d.MoveNext()
   --- End of inner exception stack trace ---
   --- End of inner exception stack trace ---
TestReporter Error: 0 : 14:45:34.2898322 : 1-vstest.console.exe : System.Exception: Cannot start test item due parent failed to start. ---> System.AggregateException: One or more errors occurred. ---> System.Exception: Cannot start test item due parent failed to start. ---> System.AggregateException: One or more errors occurred. ---> System.Exception: Cannot start test item due parent failed to start. ---> System.AggregateException: One or more errors occurred. ---> System.Exception: Cannot start test item due parent failed to start. ---> System.AggregateException: One or more errors occurred. ---> System.IO.FileNotFoundException: Could not load file or assembly 'Microsoft.Bcl.AsyncInterfaces, Version=6.0.0.0, Culture=neutral, PublicKeyToken=cc7b13ffcd2ddd51' or one of its dependencies. The system cannot find the file specified.
   at System.Text.Json.Serialization.IAsyncEnumerableConverterFactory.GetAsyncEnumerableInterface(Type type)
   at System.Text.Json.Serialization.IAsyncEnumerableConverterFactory.CanConvert(Type typeToConvert)
   at System.Text.Json.JsonSerializerOptions.GetConverterInternal(Type typeToConvert)
   at System.Text.Json.JsonSerializerOptions.DetermineConverter(Type parentClassType, Type runtimePropertyType, MemberInfo memberInfo)
   at System.Text.Json.Serialization.Metadata.JsonTypeInfo.GetConverter(Type type, Type parentClassType, MemberInfo memberInfo, Type& runtimeType, JsonSerializerOptions options)
   at System.Text.Json.JsonSerializerOptions.<InitializeForReflectionSerializer>g__CreateJsonTypeInfo|112_0(Type type, JsonSerializerOptions options)
   at System.Text.Json.JsonSerializerOptions.GetOrAddClass(Type type)
   at System.Text.Json.JsonSerializer.GetTypeInfo(JsonSerializerOptions options, Type runtimeType)
   at System.Text.Json.JsonSerializer.Deserialize[TValue](String json, JsonSerializerOptions options)
   at ReportPortal.VSTest.TestLogger.ReportPortalLogger.Events_TestResult(Object sender, TestResultEventArgs e)
   --- End of inner exception stack trace ---
   --- End of inner exception stack trace ---
   at ReportPortal.Shared.Reporter.TestReporter.<>c__DisplayClass25_0.<<Start>b__0>d.MoveNext()
   --- End of inner exception stack trace ---
   --- End of inner exception stack trace ---
   at ReportPortal.Shared.Reporter.TestReporter.<>c__DisplayClass25_0.<<Start>b__0>d.MoveNext()
   --- End of inner exception stack trace ---
   --- End of inner exception stack trace ---
   at ReportPortal.Shared.Reporter.TestReporter.<>c__DisplayClass25_0.<<Start>b__0>d.MoveNext()
   --- End of inner exception stack trace ---
   --- End of inner exception stack trace ---
TestReporter Error: 0 : 14:45:34.2898322 : 1-vstest.console.exe : System.Exception: Cannot start test item due parent failed to start. ---> System.AggregateException: One or more errors occurred. ---> System.Exception: Cannot start test item due parent failed to start. ---> System.AggregateException: One or more errors occurred. ---> System.Exception: Cannot start test item due parent failed to start. ---> System.AggregateException: One or more errors occurred. ---> System.Exception: Cannot start test item due parent failed to start. ---> System.AggregateException: One or more errors occurred. ---> System.Exception: Cannot start test item due parent failed to start. ---> System.AggregateException: One or more errors occurred. ---> System.IO.FileNotFoundException: Could not load file or assembly 'Microsoft.Bcl.AsyncInterfaces, Version=6.0.0.0, Culture=neutral, PublicKeyToken=cc7b13ffcd2ddd51' or one of its dependencies. The system cannot find the file specified.
   at System.Text.Json.Serialization.IAsyncEnumerableConverterFactory.GetAsyncEnumerableInterface(Type type)
   at System.Text.Json.Serialization.IAsyncEnumerableConverterFactory.CanConvert(Type typeToConvert)
   at System.Text.Json.JsonSerializerOptions.GetConverterInternal(Type typeToConvert)
   at System.Text.Json.JsonSerializerOptions.DetermineConverter(Type parentClassType, Type runtimePropertyType, MemberInfo memberInfo)
   at System.Text.Json.Serialization.Metadata.JsonTypeInfo.GetConverter(Type type, Type parentClassType, MemberInfo memberInfo, Type& runtimeType, JsonSerializerOptions options)
   at System.Text.Json.JsonSerializerOptions.<InitializeForReflectionSerializer>g__CreateJsonTypeInfo|112_0(Type type, JsonSerializerOptions options)
   at System.Text.Json.JsonSerializerOptions.GetOrAddClass(Type type)
   at System.Text.Json.JsonSerializer.GetTypeInfo(JsonSerializerOptions options, Type runtimeType)
   at System.Text.Json.JsonSerializer.Deserialize[TValue](String json, JsonSerializerOptions options)
   at ReportPortal.VSTest.TestLogger.ReportPortalLogger.Events_TestResult(Object sender, TestResultEventArgs e)
   --- End of inner exception stack trace ---
   --- End of inner exception stack trace ---
   at ReportPortal.Shared.Reporter.TestReporter.<>c__DisplayClass25_0.<<Start>b__0>d.MoveNext()
   --- End of inner exception stack trace ---
   --- End of inner exception stack trace ---
   at ReportPortal.Shared.Reporter.TestReporter.<>c__DisplayClass25_0.<<Start>b__0>d.MoveNext()
   --- End of inner exception stack trace ---
   --- End of inner exception stack trace ---
   at ReportPortal.Shared.Reporter.TestReporter.<>c__DisplayClass25_0.<<Start>b__0>d.MoveNext()
   --- End of inner exception stack trace ---
   --- End of inner exception stack trace ---
   at ReportPortal.Shared.Reporter.TestReporter.<>c__DisplayClass25_0.<<Start>b__0>d.MoveNext()
   --- End of inner exception stack trace ---
   --- End of inner exception stack trace ---
TestReporter Error: 0 : 14:45:34.3313927 : 1-vstest.console.exe : System.Exception: Cannot finish test item due starting item failed. ---> System.AggregateException: One or more errors occurred. ---> System.Exception: Cannot start test item due parent failed to start. ---> System.AggregateException: One or more errors occurred. ---> System.Exception: Cannot start test item due parent failed to start. ---> System.AggregateException: One or more errors occurred. ---> System.Exception: Cannot start test item due parent failed to start. ---> System.AggregateException: One or more errors occurred. ---> System.Exception: Cannot start test item due parent failed to start. ---> System.AggregateException: One or more errors occurred. ---> System.Exception: Cannot start test item due parent failed to start. ---> System.AggregateException: One or more errors occurred. ---> System.IO.FileNotFoundException: Could not load file or assembly 'Microsoft.Bcl.AsyncInterfaces, Version=6.0.0.0, Culture=neutral, PublicKeyToken=cc7b13ffcd2ddd51' or one of its dependencies. The system cannot find the file specified.
   at System.Text.Json.Serialization.IAsyncEnumerableConverterFactory.GetAsyncEnumerableInterface(Type type)
   at System.Text.Json.Serialization.IAsyncEnumerableConverterFactory.CanConvert(Type typeToConvert)
   at System.Text.Json.JsonSerializerOptions.GetConverterInternal(Type typeToConvert)
   at System.Text.Json.JsonSerializerOptions.DetermineConverter(Type parentClassType, Type runtimePropertyType, MemberInfo memberInfo)
   at System.Text.Json.Serialization.Metadata.JsonTypeInfo.GetConverter(Type type, Type parentClassType, MemberInfo memberInfo, Type& runtimeType, JsonSerializerOptions options)
   at System.Text.Json.JsonSerializerOptions.<InitializeForReflectionSerializer>g__CreateJsonTypeInfo|112_0(Type type, JsonSerializerOptions options)
   at System.Text.Json.JsonSerializerOptions.GetOrAddClass(Type type)
   at System.Text.Json.JsonSerializer.GetTypeInfo(JsonSerializerOptions options, Type runtimeType)
   at System.Text.Json.JsonSerializer.Deserialize[TValue](String json, JsonSerializerOptions options)
   at ReportPortal.VSTest.TestLogger.ReportPortalLogger.Events_TestResult(Object sender, TestResultEventArgs e)
   --- End of inner exception stack trace ---
   --- End of inner exception stack trace ---
   at ReportPortal.Shared.Reporter.TestReporter.<>c__DisplayClass25_0.<<Start>b__0>d.MoveNext()
   --- End of inner exception stack trace ---
   --- End of inner exception stack trace ---
   at ReportPortal.Shared.Reporter.TestReporter.<>c__DisplayClass25_0.<<Start>b__0>d.MoveNext()
   --- End of inner exception stack trace ---
   --- End of inner exception stack trace ---
   at ReportPortal.Shared.Reporter.TestReporter.<>c__DisplayClass25_0.<<Start>b__0>d.MoveNext()
   --- End of inner exception stack trace ---
   --- End of inner exception stack trace ---
   at ReportPortal.Shared.Reporter.TestReporter.<>c__DisplayClass25_0.<<Start>b__0>d.MoveNext()
   --- End of inner exception stack trace ---
   --- End of inner exception stack trace ---
   at ReportPortal.Shared.Reporter.TestReporter.<>c__DisplayClass25_0.<<Start>b__0>d.MoveNext()
   --- End of inner exception stack trace ---
   --- End of inner exception stack trace ---
